Library/Bee/Android/Prj/Mono2x/Gradle/unityLibrary/mobilenotifications.androidlib/build/outputs/mapping/release/seeds.txt
com.unity3d.player.UnityPlayer: int getSplashMode()
com.unity.androidnotifications.UnityNotificationManager: com.unity.androidnotifications.NotificationChannelWrapper getNotificationChannel(java.lang.String)
com.unity3d.player.UnityPlayer: int getUaaLLaunchProcessType()
com.unity.androidnotifications.R: R()
com.unity3d.player.UnityPlayer: boolean nativeInjectEvent(android.view.InputEvent)
com.unity.androidnotifications.UnityNotificationManager: void registerNotificationChannelGroup(java.lang.String,java.lang.String,java.lang.String)
com.unity3d.player.UnityPlayer: java.lang.String getProcessName()
com.unity.androidnotifications.UnityNotificationManager: void setNotificationUsesChronometer(android.app.Notification$Builder,boolean)
com.unity3d.player.UnityPlayer: java.lang.String getKeyboardLayout()
com.unity3d.player.UnityPlayer: void setClipboardText(java.lang.String)
com.unity.androidnotifications.UnityNotificationManager: com.unity.androidnotifications.UnityNotificationManager getNotificationManagerImpl(android.app.Activity,com.unity.androidnotifications.NotificationCallback)
com.unity3d.player.UnityPlayer: void setMainSurfaceViewAspectRatio(float)
com.unity3d.player.UnityPlayer: java.lang.String getLaunchURL()
com.unity.androidnotifications.UnityNotificationManager: android.app.Notification$Builder createNotificationBuilder(java.lang.String)
com.unity.androidnotifications.UnityNotificationManager: int getNotificationGroupAlertBehavior(android.app.Notification)
com.unity.androidnotifications.UnityNotificationManager: void cancelDisplayedNotification(int)
com.unity.androidnotifications.UnityNotificationManager: void registerNotificationChannel(java.lang.String,java.lang.String,int,java.lang.String,boolean,boolean,boolean,boolean,long[],int,java.lang.String)
com.unity.androidnotifications.UnityNotificationManager: void setNotificationGroupAlertBehavior(android.app.Notification$Builder,int)
com.unity.androidnotifications.UnityNotificationManager: UnityNotificationManager()
com.unity3d.player.UnityPlayer: boolean getARCoreEnabled()
com.unity.androidnotifications.UnityNotificationManager: boolean checkIfPendingNotificationIsRegistered(int)
com.unity.androidnotifications.UnityNotificationManager: void setNotificationIcon(android.app.Notification$Builder,java.lang.String,java.lang.String)
com.unity.androidnotifications.UnityNotificationManager: void showNotificationSettings(java.lang.String)
com.unity3d.player.UnityPlayer: void setSoftInputStr(java.lang.String)
com.unity3d.player.UnityPlayer: android.os.Bundle getSettings()
com.unity3d.player.UnityPlayer: boolean getLaunchFullscreen()
com.unity3d.player.UnityPlayer: boolean nativeGetNoWindowMode()
com.unity.androidnotifications.UnityNotificationManager: void cancelPendingNotification(int)
com.unity3d.player.UnityPlayer: android.content.pm.ApplicationInfo getApplicationInfo()
com.unity.androidnotifications.NotificationCallback: void onSentNotification(android.app.Notification)
com.unity.androidnotifications.UnityNotificationManager: void setNotificationColor(android.app.Notification$Builder,int)
com.unity.androidnotifications.UnityNotificationManager: android.app.Notification getNotificationFromIntent(android.content.Intent)
com.unity.androidnotifications.UnityNotificationManager: void deleteNotificationChannel(java.lang.String)
com.unity3d.player.UnityPlayer: boolean getHaveAndroidWindowSupport()
com.unity.androidnotifications.UnityNotificationManager: void onReceive(android.content.Intent)
com.unity3d.player.UnityPlayer: int getNetworkConnectivity()
com.unity3d.player.UnityPlayer: boolean getSplashEnabled()
com.unity3d.player.UnityPlayer: boolean getAutoReportFullyDrawnEnabled()
com.unity3d.player.UnityPlayer: android.content.pm.ActivityInfo getActivityInfo()
com.unity.androidnotifications.UnityNotificationUtilities: java.lang.Class getOpenAppActivity(android.content.Context)
com.unity3d.player.UnityPlayer: void setCharacterLimit(int)