Library/Bee/Android/Prj/Mono2x/Gradle/unityLibrary/mobilenotifications.androidlib/build/outputs/mapping/release/usage.txt
com.unity3d.player.C
com.unity3d.player.Camera2Wrapper
com.unity3d.player.D
com.unity3d.player.E
com.unity3d.player.F
com.unity3d.player.G:
    static void a(java.lang.String)
com.unity3d.player.GoogleARCoreApi
com.unity3d.player.H
com.unity3d.player.HFPStatus$1
com.unity3d.player.HFPStatus$a
com.unity3d.player.HFPStatus
com.unity3d.player.I:
    private com.unity3d.player.a a
    private com.unity3d.player.UnityPlayer b
    private com.unity3d.player.w c
    public void <init>(android.content.Context,com.unity3d.player.UnityPlayer)
    private java.lang.String a(android.content.Context)
    private boolean a()
    public void b()
com.unity3d.player.IAssetPackManagerDownloadStatusCallback
com.unity3d.player.IAssetPackManagerMobileDataConfirmationCallback
com.unity3d.player.IAssetPackManagerStatusQueryCallback
com.unity3d.player.IPermissionRequestCallbacks
com.unity3d.player.IUnityPlayerLifecycleEvents
com.unity3d.player.J:
    private boolean a
    private boolean b
    private boolean c
    private boolean d
    void <init>()
    boolean a()
    boolean a(boolean)
    void b(boolean)
    boolean b()
    void c(boolean)
    boolean c()
    void d(boolean)
    static void e()
    void e(boolean)
    static void f()
    public java.lang.String toString()
com.unity3d.player.K
com.unity3d.player.L
com.unity3d.player.M
com.unity3d.player.MultiWindowSupport
com.unity3d.player.N
com.unity3d.player.NativeLoader
com.unity3d.player.NetworkConnectivity:
    public void a()
com.unity3d.player.NetworkConnectivityNougat:
    public void a()
com.unity3d.player.O
com.unity3d.player.OrientationLockListener
com.unity3d.player.P
com.unity3d.player.PermissionFragment$a
com.unity3d.player.PermissionFragment$b
com.unity3d.player.PermissionFragment
com.unity3d.player.PlatformSupport:
    public void <init>()
com.unity3d.player.PlayAssetDeliveryUnityWrapper
com.unity3d.player.Q
com.unity3d.player.ReflectionHelper$a
com.unity3d.player.ReflectionHelper$b
com.unity3d.player.ReflectionHelper$c
com.unity3d.player.ReflectionHelper$d
com.unity3d.player.ReflectionHelper
com.unity3d.player.S
com.unity3d.player.T
com.unity3d.player.U$a
com.unity3d.player.U
com.unity3d.player.UnityCoreAssetPacksStatusCallbacks
com.unity3d.player.UnityPermissions$ModalWaitForPermissionResponse
com.unity3d.player.UnityPermissions
com.unity3d.player.UnityPlayer$A
com.unity3d.player.UnityPlayer$B
com.unity3d.player.UnityPlayer$C
com.unity3d.player.UnityPlayer$D
com.unity3d.player.UnityPlayer$E
com.unity3d.player.UnityPlayer$F$a
com.unity3d.player.UnityPlayer$F
com.unity3d.player.UnityPlayer$G
com.unity3d.player.UnityPlayer$SynchronizationTimeout
com.unity3d.player.UnityPlayer$a
com.unity3d.player.UnityPlayer$b$a
com.unity3d.player.UnityPlayer$b
com.unity3d.player.UnityPlayer$c
com.unity3d.player.UnityPlayer$d
com.unity3d.player.UnityPlayer$h
com.unity3d.player.UnityPlayer$i
com.unity3d.player.UnityPlayer$j
com.unity3d.player.UnityPlayer$k
com.unity3d.player.UnityPlayer$l
com.unity3d.player.UnityPlayer$m
com.unity3d.player.UnityPlayer$n
com.unity3d.player.UnityPlayer$o
com.unity3d.player.UnityPlayer$p
com.unity3d.player.UnityPlayer$q
com.unity3d.player.UnityPlayer$t
com.unity3d.player.UnityPlayer$u
com.unity3d.player.UnityPlayer$v
com.unity3d.player.UnityPlayer$w
com.unity3d.player.UnityPlayer$x
com.unity3d.player.UnityPlayer$y
com.unity3d.player.UnityPlayer$z